[echo ...Configuring for [markdown]
checking out the C compiler
-rwxr-xr-x 1 habib wheel 8664 Dec  3 12:02 ngc84475
-rw-r--r-- 1 habib wheel   61 Dec  3 12:02 ngc84475.c
drwxr-xr-x 3 habib wheel   96 Dec  3 12:02 ngc84475.dSYM
Looking for cpp
CPP=[/usr/bin/cpp], CPPFLAGS=[]
target=CPP, rest=/usr/bin/cpp
generating config.sed
target=CPPFLAGS, rest=
rm: ngc84475.c: No such file or directory
looking for install
 (/usr/bin/install)
target=INSTALL, rest=/usr/bin/install
target=INSTALL_PROGRAM, rest=/usr/bin/install -s -m 755
target=INSTALL_DATA, rest=/usr/bin/install -m 444
target=INSTALL_DIR, rest=./config.md
target=PACKAGE_NAME, rest=libmarkdown
target=PACKAGE_VERSION, rest=2.2.2
ngc84475.c:1:37: warning: '__noreturn__' only applies to function types; type here is 'int' [-Wignored-attributes]
extern int noreturn  __attribute__((__noreturn__));
                                    ^
1 warning generated.
target=AR, rest=/usr/bin/ar
target=RANLIB, rest=/usr/bin/ranlib
target=PKGCONFIG, rest=/usr/local/bin/pkg-config
target=MK_PKGCONFIG, rest=
checking for "volatile" keyword
checking for "const" keyword
Checking for "inline" keyword
defining WORD & DWORD scalar types
ngc84475.c:28:2: warning: implicitly declaring library function 'exit' with type 'void (int) __attribute__((noreturn))' [-Wimplicit-function-declaration]
        exit(1);
        ^
ngc84475.c:28:2: note: include the header <stdlib.h> or explicitly provide a declaration for 'exit'
1 warning generated.
looking for header libgen.h
looking for header stdlib.h
looking for the alloca function
looking for header pwd.h
looking for the getpwuid function
looking for the srandom function
looking for the bzero function
ngc84475.c:4:5: warning: implicitly declaring library function 'bzero' with type 'void (void *, unsigned long)' [-Wimplicit-function-declaration]
    bzero((char*)0,0);
    ^
ngc84475.c:4:5: note: include the header <strings.h> or explicitly provide a declaration for 'bzero'
1 warning generated.
looking for the random function
looking for the strcasecmp function
ngc84475.c:1:6: warning: incompatible redeclaration of library function 'strcasecmp' [-Wincompatible-library-redeclaration]
void strcasecmp();
     ^
ngc84475.c:1:6: note: 'strcasecmp' is a builtin with type 'int (const char *, const char *)'
1 warning generated.
looking for the strncasecmp function
ngc84475.c:1:6: warning: incompatible redeclaration of library function 'strncasecmp' [-Wincompatible-library-redeclaration]
void strncasecmp();
     ^
ngc84475.c:1:6: note: 'strncasecmp' is a builtin with type 'int (const char *, const char *, unsigned long)'
1 warning generated.
looking for the fchdir function
target=THEME, rest=
target=TABSTOP, rest=4
target=AMALLOC, rest=
looking for header malloc.h
test failed:  command was cc -Wno-implicit-int -c -o ngc84475.o ngc84475.c
output:
ngc84475.c:2:10: fatal error: 'malloc.h' file not found
#include <malloc.h>
         ^~~~~~~~~~
1 error generated.
offending sources:
ngc84475.c:
/* AC_CHECK_HEADERS */
#include <malloc.h>
int main() { }
target=LIBS, rest=
target=CONFIGURE_FILES, rest=config.cmd config.sub config.h config.mak config.log config.sed config.md
target=GENERATED_FILES, rest=-r *.dSYM Makefile version.c mkdio.h libmarkdown.pc
target=CC, rest=cc -Wno-implicit-int
target=CFLAGS, rest=-g
target=LDFLAGS, rest=-g
target=srcdir, rest=/web/fox/discount-2.2.2
target=prefix, rest=/usr/local
target=exedir, rest=/usr/local/bin
target=sbindir, rest=/usr/local/sbin
target=libdir, rest=/usr/local/lib
target=libexec, rest=/usr/local/lib
target=confdir, rest=/etc
target=mandir, rest=/usr/local/man
find is /usr/bin/find
target=FIND, rest=/usr/bin/find
/bin/ln exists, and ln -s works
target=LN_S, rest=/bin/ln -s
target=AR, rest=/usr/bin/ar
target=RANLIB, rest=/usr/bin/ranlib
target=LD_LIBRARY_PATH, rest=HERE
sed is /usr/bin/sed
target=SED, rest=/usr/bin/sed
generating Makefile
generating version.c
generating mkdio.h
generating libmarkdown.pc
